<?xml version="1.0" encoding="UTF-8"?>
<!-- Generated by org.testng.reporters.JUnitReportReporter -->
<testsuite hostname="IN-PG02H8QA" failures="0" tests="1" name="com.nagp.VerifySearchItemFunctionality" time="34.569" errors="0" timestamp="2023-08-05T21:55:16 IST" skipped="0">
  <testcase classname="com.nagp.VerifySearchItemFunctionality" name="testSearchItem" time="34.569"/>
  <system-out/>
</testsuite> <!-- com.nagp.VerifySearchItemFunctionality -->
