<?xml version="1.0" encoding="UTF-8"?>
<!-- Generated by org.testng.reporters.JUnitReportReporter -->
<testsuite hostname="IN-PG02H8QA" failures="0" tests="1" name="com.nagp.VerifyNewCustomerFunctionality" time="13.184" errors="0" timestamp="2023-08-05T21:55:16 IST" skipped="0">
  <testcase classname="com.nagp.VerifyNewCustomerFunctionality" name="testNewCustomerAccount" time="13.184"/>
  <system-out/>
</testsuite> <!-- com.nagp.VerifyNewCustomerFunctionality -->
